Statistical profiling result from /Users/darksystem/Projects/FlowJS/isolate-0x7fc5ebb00000-5558-v8.log, (19393 ticks, 18300 unaccounted, 0 excluded).

 [Shared libraries]:
   ticks  total  nonlib   name
     11    0.1%          /Users/darksystem/.local/share/nvm/v20.15.0/bin/node

 [JavaScript]:
   ticks  total  nonlib   name
    298    1.5%    1.5%  Builtin: FlattenIntoArray
    122    0.6%    0.6%  Builtin: CEntry_Return1_ArgvOnStack_NoBuiltinExit
     77    0.4%    0.4%  Builtin: GetProperty
     53    0.3%    0.3%  Builtin: LoadIC
     38    0.2%    0.2%  Builtin: ArrayIteratorPrototypeNext
     36    0.2%    0.2%  Builtin: KeyedLoadIC
     16    0.1%    0.1%  Builtin: KeyedStoreIC
     16    0.1%    0.1%  Builtin: FastCreateDataProperty
     15    0.1%    0.1%  Builtin: StoreFastElementIC_Standard
     13    0.1%    0.1%  Builtin: CallFunction_ReceiverIsAny
     12    0.1%    0.1%  Builtin: CallFunction_ReceiverIsNotNullOrUndefined
     10    0.1%    0.1%  Builtin: StrictEqual_Baseline
     10    0.1%    0.1%  Builtin: BaselineOutOfLinePrologue
      9    0.0%    0.0%  JS: ^quantizeAndInverse /Users/darksystem/Projects/FlowJS/node_modules/jpeg-js/lib/decoder.js:370:32
      9    0.0%    0.0%  JS: ^decodeACSuccessive /Users/darksystem/Projects/FlowJS/node_modules/jpeg-js/lib/decoder.js:201:32
      9    0.0%    0.0%  Builtin: StoreIC
      9    0.0%    0.0%  Builtin: CallFunction_ReceiverIsNullOrUndefined
      9    0.0%    0.0%  Builtin: ArrayForEachLoopContinuation
      9    0.0%    0.0%  Builtin: Add_Baseline
      8    0.0%    0.0%  Builtin: KeyedLoadIC_Megamorphic
      8    0.0%    0.0%  Builtin: GrowFastSmiOrObjectElements
      8    0.0%    0.0%  Builtin: Call_ReceiverIsNotNullOrUndefined
      8    0.0%    0.0%  Builtin: BaselineLeaveFrame
      8    0.0%    0.0%  Builtin: ArrayFrom
      7    0.0%    0.0%  JS: *_drawObjects file:///Users/darksystem/Projects/FlowJS/src/engine.js:215:21
      7    0.0%    0.0%  Builtin: Call_ReceiverIsAny
      6    0.0%    0.0%  JS: *getData /Users/darksystem/Projects/FlowJS/node_modules/jpeg-js/lib/decoder.js:875:30
      6    0.0%    0.0%  JS: *decodeACSuccessive /Users/darksystem/Projects/FlowJS/node_modules/jpeg-js/lib/decoder.js:201:32
      6    0.0%    0.0%  Builtin: ArrayPrototypePush
      5    0.0%    0.0%  Builtin: LoadIC_NoFeedback
      5    0.0%    0.0%  Builtin: CompileLazy
      5    0.0%    0.0%  Builtin: Call_ReceiverIsNullOrUndefined
      4    0.0%    0.0%  JS: ^brc /Users/darksystem/Projects/FlowJS/node_modules/fast-brc/fast-brc.js:1:13
      4    0.0%    0.0%  JS: *copyToImageData /Users/darksystem/Projects/FlowJS/node_modules/jpeg-js/lib/decoder.js:999:46
      4    0.0%    0.0%  JS: *C node:internal/deps/cjs-module-lexer/dist/lexer:1:1152
      4    0.0%    0.0%  Builtin: RecordWriteSaveFP
      4    0.0%    0.0%  Builtin: KeyedLoadICBaseline
      4    0.0%    0.0%  Builtin: Call_ReceiverIsNullOrUndefined_Baseline_Compact
      3    0.0%    0.0%  JS: ^render file:///Users/darksystem/Projects/FlowJS/src/renderer.js:24:9
      3    0.0%    0.0%  JS: ^processTimers node:internal/timers:499:25
      3    0.0%    0.0%  JS: *quantizeAndInverse /Users/darksystem/Projects/FlowJS/node_modules/jpeg-js/lib/decoder.js:370:32
      3    0.0%    0.0%  JS: *brc /Users/darksystem/Projects/FlowJS/node_modules/fast-brc/fast-brc.js:1:13
      3    0.0%    0.0%  JS: *<anonymous> file:///Users/darksystem/Projects/FlowJS/src/utils.js:34:52
      3    0.0%    0.0%  Builtin: LoadICBaseline
      3    0.0%    0.0%  Builtin: LoadGlobalIC
      3    0.0%    0.0%  Builtin: KeyedHasIC
      3    0.0%    0.0%  Builtin: Increment_Baseline
      3    0.0%    0.0%  Builtin: GreaterThanOrEqual_Baseline
      3    0.0%    0.0%  Builtin: FastNewClosure
      3    0.0%    0.0%  Builtin: Call_ReceiverIsNotNullOrUndefined_Baseline_Compact
      3    0.0%    0.0%  Builtin: ArrayPrototypePop
      3    0.0%    0.0%  Builtin: ArrayMapLoopContinuation
      2    0.0%    0.0%  JS: ~wrapSafe node:internal/modules/cjs/loader:1255:18
      2    0.0%    0.0%  JS: ^texImage2D /Users/darksystem/Projects/FlowJS/node_modules/@kmamal/gl/src/javascript/webgl-rendering-context.js:3139:14
      2    0.0%    0.0%  JS: ^pushAsyncContext node:internal/async_hooks:539:26
      2    0.0%    0.0%  JS: ^newAsyncId node:internal/async_hooks:417:20
      2    0.0%    0.0%  JS: ^mapImage8Bit /Users/darksystem/Projects/FlowJS/node_modules/pngjs/lib/bitmapper.js:172:22
      2    0.0%    0.0%  JS: ^listOnTimeout node:internal/timers:519:25
      2    0.0%    0.0%  JS: ^clearImpl /Users/darksystem/Projects/FlowJS/node_modules/regl/dist/regl.js:10313:22
      2    0.0%    0.0%  JS: ^_handleEvents file:///Users/darksystem/Projects/FlowJS/src/engine.js:337:16
      2    0.0%    0.0%  JS: *wasm-function[15]
      2    0.0%    0.0%  JS: *mapImage8Bit /Users/darksystem/Projects/FlowJS/node_modules/pngjs/lib/bitmapper.js:172:22
      2    0.0%    0.0%  JS: *buildComponentData /Users/darksystem/Projects/FlowJS/node_modules/jpeg-js/lib/decoder.js:357:30
      2    0.0%    0.0%  Builtin: ToBooleanForBaselineJump
      2    0.0%    0.0%  Builtin: Subtract_Baseline
      2    0.0%    0.0%  Builtin: StoreICBaseline
      2    0.0%    0.0%  Builtin: StoreFastElementIC_GrowNoTransitionHandleCOW
      2    0.0%    0.0%  Builtin: ShiftRightSmi_Baseline
      2    0.0%    0.0%  Builtin: ResumeGeneratorTrampoline
      2    0.0%    0.0%  Builtin: PerformPromiseThen
      2    0.0%    0.0%  Builtin: Multiply_Baseline
      2    0.0%    0.0%  Builtin: MultiplySmi_Baseline
      2    0.0%    0.0%  Builtin: KeyedLoadIC_PolymorphicName
      2    0.0%    0.0%  Builtin: InterpreterEntryTrampoline
      2    0.0%    0.0%  Builtin: Equal_Baseline
      2    0.0%    0.0%  Builtin: Divide_Baseline
      2    0.0%    0.0%  Builtin: CreateShallowArrayLiteral
      2    0.0%    0.0%  Builtin: ConstructFunction
      2    0.0%    0.0%  Builtin: CallApiCallback
      2    0.0%    0.0%  Builtin: CEntry_Return1_ArgvOnStack_BuiltinExit
      2    0.0%    0.0%  Builtin: ArrayForEach
      2    0.0%    0.0%  Builtin: AddSmi_Baseline
      1    0.0%    0.0%  JS: ~setupDebugEnv node:internal/process/pre_execution:411:23
      1    0.0%    0.0%  JS: ~setVAOEmulated /Users/darksystem/Projects/FlowJS/node_modules/regl/dist/regl.js:5146:27
      1    0.0%    0.0%  JS: ~set node:internal/modules/esm/module_map:96:6
      1    0.0%    0.0%  JS: ~resolvePackageTarget node:internal/modules/esm/resolve:471:30
      1    0.0%    0.0%  JS: ~requestMemoryAllocation /Users/darksystem/Projects/FlowJS/node_modules/jpeg-js/lib/decoder.js:1067:35
      1    0.0%    0.0%  JS: ~readFileHandle node:internal/fs/promises:510:30
      1    0.0%    0.0%  JS: ~percolateDown node:internal/priority_queue:45:16
      1    0.0%    0.0%  JS: ~onKeyPress file:///Users/darksystem/Projects/FlowJS/test.js:16:13
      1    0.0%    0.0%  JS: ~moduleStrategy node:internal/modules/esm/translators:165:56
      1    0.0%    0.0%  JS: ~listOnTimeout node:internal/timers:519:25
      1    0.0%    0.0%  JS: ~insert node:internal/timers:361:16
      1    0.0%    0.0%  JS: ~handleEvent /Users/darksystem/Projects/FlowJS/node_modules/@kmamal/sdl/src/javascript/events/index.js:71:21
      1    0.0%    0.0%  JS: ~get node:fs:3268:8
      1    0.0%    0.0%  JS: ~draw :69:16
      1    0.0%    0.0%  JS: ~compile /Users/darksystem/Projects/FlowJS/node_modules/regl/dist/regl.js:6006:20
      1    0.0%    0.0%  JS: ~REGLCommand /Users/darksystem/Projects/FlowJS/node_modules/regl/dist/regl.js:10269:26
      1    0.0%    0.0%  JS: ~Module._compile node:internal/modules/cjs/loader:1311:37
      1    0.0%    0.0%  JS: ~<anonymous> file:///Users/darksystem/Projects/FlowJS/src/engine.js:300:12
      1    0.0%    0.0%  JS: ~<anonymous> /Users/darksystem/Projects/FlowJS/node_modules/pngjs/browser.js:14704:38
      1    0.0%    0.0%  JS: ~<anonymous> /Users/darksystem/Projects/FlowJS/node_modules/@kmamal/sdl/src/javascript/events/events-via-poll.js:33:26
      1    0.0%    0.0%  JS: wasm-function[28]
      1    0.0%    0.0%  JS: wasm-function[19]
      1    0.0%    0.0%  JS: ^useProgram /Users/darksystem/Projects/FlowJS/node_modules/@kmamal/gl/src/javascript/webgl-rendering-context.js:3396:14
      1    0.0%    0.0%  JS: ^setTexInfo /Users/darksystem/Projects/FlowJS/node_modules/regl/dist/regl.js:3298:23
      1    0.0%    0.0%  JS: ^remove node:internal/linkedlist:16:16
      1    0.0%    0.0%  JS: ^processImmediate node:internal/timers:433:28
      1    0.0%    0.0%  JS: ^popAsyncContext node:internal/async_hooks:553:25
      1    0.0%    0.0%  JS: ^parseImage /Users/darksystem/Projects/FlowJS/node_modules/regl/dist/regl.js:2893:23
      1    0.0%    0.0%  JS: ^parseFlags /Users/darksystem/Projects/FlowJS/node_modules/regl/dist/regl.js:2747:23
      1    0.0%    0.0%  JS: ^mousePressed file:///Users/darksystem/Projects/FlowJS/src/renderer.js:65:15
      1    0.0%    0.0%  JS: ^isRectArray /Users/darksystem/Projects/FlowJS/node_modules/regl/dist/regl.js:2388:22
      1    0.0%    0.0%  JS: ^initAsyncResource node:internal/timers:155:27
      1    0.0%    0.0%  JS: ^emitAfterScript node:internal/async_hooks:517:25
      1    0.0%    0.0%  JS: ^draw :69:16
      1    0.0%    0.0%  JS: ^dirname node:path:1278:10
      1    0.0%    0.0%  JS: ^copyToImageData /Users/darksystem/Projects/FlowJS/node_modules/jpeg-js/lib/decoder.js:999:46
      1    0.0%    0.0%  JS: ^convertPixels /Users/darksystem/Projects/FlowJS/node_modules/@kmamal/gl/src/javascript/utils.js:177:24
      1    0.0%    0.0%  JS: ^changeObject file:///Users/darksystem/Projects/FlowJS/src/engine.js:193:15
      1    0.0%    0.0%  JS: ^_verifyTextureCompleteness /Users/darksystem/Projects/FlowJS/node_modules/@kmamal/gl/src/javascript/webgl-rendering-context.js:813:30
      1    0.0%    0.0%  JS: ^_validTextureTarget /Users/darksystem/Projects/FlowJS/node_modules/@kmamal/gl/src/javascript/webgl-rendering-context.js:808:23
      1    0.0%    0.0%  JS: ^_framebufferOk /Users/darksystem/Projects/FlowJS/node_modules/@kmamal/gl/src/javascript/webgl-rendering-context.js:402:18
      1    0.0%    0.0%  JS: ^_checkWrapper /Users/darksystem/Projects/FlowJS/node_modules/@kmamal/gl/src/javascript/webgl-rendering-context.js:257:17
      1    0.0%    0.0%  JS: ^Module._nodeModulePaths node:internal/modules/cjs/loader:794:37
      1    0.0%    0.0%  JS: ^<anonymous> file:///Users/darksystem/Projects/FlowJS/src/engine.js:284:17
      1    0.0%    0.0%  JS: *readBit /Users/darksystem/Projects/FlowJS/node_modules/jpeg-js/lib/decoder.js:105:21
      1    0.0%    0.0%  JS: *listOnTimeout node:internal/timers:519:25
      1    0.0%    0.0%  JS: *getPressedKeys file:///Users/darksystem/Projects/FlowJS/src/renderer.js:55:17
      1    0.0%    0.0%  JS: *getPathFromURLPosix node:internal/url:1438:29
      1    0.0%    0.0%  JS: *freeMipMap /Users/darksystem/Projects/FlowJS/node_modules/regl/dist/regl.js:3189:23
      1    0.0%    0.0%  JS: *extend /Users/darksystem/Projects/FlowJS/node_modules/regl/dist/regl.js:21:23
      1    0.0%    0.0%  JS: *decodeBlock /Users/darksystem/Projects/FlowJS/node_modules/jpeg-js/lib/decoder.js:266:25
      1    0.0%    0.0%  JS: *allocMipMap /Users/darksystem/Projects/FlowJS/node_modules/regl/dist/regl.js:3179:24
      1    0.0%    0.0%  JS: *_checkVertexAttribState /Users/darksystem/Projects/FlowJS/node_modules/@kmamal/gl/src/javascript/webgl-rendering-context.js:272:27
      1    0.0%    0.0%  JS: *Filter._unFilterType2 /Users/darksystem/Projects/FlowJS/node_modules/pngjs/lib/filter-parse.js:79:44
      1    0.0%    0.0%  Builtin: TypedArrayPrototypeSubArray
      1    0.0%    0.0%  Builtin: ToString
      1    0.0%    0.0%  Builtin: ToObject
      1    0.0%    0.0%  Builtin: StringPrototypeCharCodeAt
      1    0.0%    0.0%  Builtin: StringIndexOf
      1    0.0%    0.0%  Builtin: StrictEqual
      1    0.0%    0.0%  Builtin: StoreIC_NoFeedback
      1    0.0%    0.0%  Builtin: ShiftLeft_Baseline
      1    0.0%    0.0%  Builtin: SetIteratorPrototypeNext
      1    0.0%    0.0%  Builtin: ResolvePromise
      1    0.0%    0.0%  Builtin: MapPrototypeHas
      1    0.0%    0.0%  Builtin: MapIteratorToList
      1    0.0%    0.0%  Builtin: LoadSuperIC
      1    0.0%    0.0%  Builtin: LoadIC_FunctionPrototype
      1    0.0%    0.0%  Builtin: LoadGlobalICInsideTypeof
      1    0.0%    0.0%  Builtin: LoadGlobalICBaseline
      1    0.0%    0.0%  Builtin: LessThan_Baseline
      1    0.0%    0.0%  Builtin: LessThanOrEqual_Baseline
      1    0.0%    0.0%  Builtin: KeyedStoreIC_Megamorphic
      1    0.0%    0.0%  Builtin: KeyedStoreICBaseline
      1    0.0%    0.0%  Builtin: JSBuiltinsConstructStub
      1    0.0%    0.0%  Builtin: InterpreterPushArgsThenCall
      1    0.0%    0.0%  Builtin: HandleApiCall
      1    0.0%    0.0%  Builtin: GreaterThan_Baseline
      1    0.0%    0.0%  Builtin: FunctionPrototypeHasInstance
      1    0.0%    0.0%  Builtin: FunctionPrototypeCall
      1    0.0%    0.0%  Builtin: FulfillPromise
      1    0.0%    0.0%  Builtin: FastNewStrictArguments
      1    0.0%    0.0%  Builtin: FastNewFunctionContextFunction
      1    0.0%    0.0%  Builtin: DeleteProperty
      1    0.0%    0.0%  Builtin: DefineNamedOwnICBaseline
      1    0.0%    0.0%  Builtin: DefineNamedOwnIC
      1    0.0%    0.0%  Builtin: DefineKeyedOwnIC
      1    0.0%    0.0%  Builtin: CreateTypedArray
      1    0.0%    0.0%  Builtin: Construct
      1    0.0%    0.0%  Builtin: CallWithSpread
      1    0.0%    0.0%  Builtin: CallVarargs
      1    0.0%    0.0%  Builtin: BitwiseOr_Baseline
      1    0.0%    0.0%  Builtin: AsyncFunctionEnter
      1    0.0%    0.0%  Builtin: ArrayTimSort
      1    0.0%    0.0%  Builtin: ArrayReduce
      1    0.0%    0.0%  Builtin: ArrayPrototypeSlice
      1    0.0%    0.0%  Builtin: ArrayPrototypeJoin
      1    0.0%    0.0%  Builtin: ArrayIndexOfSmiOrObject
      1    0.0%    0.0%  Builtin: ArrayFilter

 [C++]:
   ticks  total  nonlib   name

 [Summary]:
   ticks  total  nonlib   name
   1082    5.6%    5.6%  JavaScript
      0    0.0%    0.0%  C++
    946    4.9%    4.9%  GC
     11    0.1%          Shared libraries
  18300   94.4%          Unaccounted

 [C++ entry points]:
   ticks    cpp   total   name

 [Bottom up (heavy) profile]:
  Note: percentage shows a share of a particular caller in the total
  amount of its parent calls.
  Callers occupying less than 1.0% are not shown.

   ticks parent  name
  18300   94.4%  UNKNOWN
   3419   18.7%    Builtin: ArrayPrototypeFlat
   3419  100.0%      JS: ~processArr file:///Users/darksystem/Projects/FlowJS/src/utils.js:19:27
   3419  100.0%        JS: ~_getData file:///Users/darksystem/Projects/FlowJS/src/texture.js:24:11
   3201   93.6%          JS: ~draw file:///Users/darksystem/Projects/FlowJS/src/gfx.js:21:7
   3128   97.7%            JS: ~fillScreen file:///Users/darksystem/Projects/FlowJS/src/gfx.js:94:13
     73    2.3%            JS: ~render file:///Users/darksystem/Projects/FlowJS/src/sprite.js:91:9
    218    6.4%          JS: ~setLayerBackground file:///Users/darksystem/Projects/FlowJS/src/gfx.js:122:21
    218  100.0%            JS: ~onCreate file:///Users/darksystem/Projects/FlowJS/test.js:25:17
   1682    9.2%    JS: ^render file:///Users/darksystem/Projects/FlowJS/src/renderer.js:24:9
   1662   98.8%      JS: ^gameLoop file:///Users/darksystem/Projects/FlowJS/src/engine.js:63:22
   1662  100.0%        Builtin: AsyncFunctionAwaitResolveClosure
     20    1.2%      JS: ~gameLoop file:///Users/darksystem/Projects/FlowJS/src/engine.js:63:22
     20  100.0%        Builtin: AsyncFunctionAwaitResolveClosure
   1434    7.8%    JS: ^gameLoop file:///Users/darksystem/Projects/FlowJS/src/engine.js:63:22
   1434  100.0%      Builtin: AsyncFunctionAwaitResolveClosure
   1319    7.2%    JS: *_drawObjects file:///Users/darksystem/Projects/FlowJS/src/engine.js:215:21
   1319  100.0%      JS: ^gameLoop file:///Users/darksystem/Projects/FlowJS/src/engine.js:63:22
   1319  100.0%        JS: ^processImmediate node:internal/timers:433:28
    967    5.3%    JS: ^render file:///Users/darksystem/Projects/FlowJS/src/GlRenderer.js:64:9
    967  100.0%      JS: ^render file:///Users/darksystem/Projects/FlowJS/src/renderer.js:24:9
    952   98.4%        JS: ^gameLoop file:///Users/darksystem/Projects/FlowJS/src/engine.js:63:22
    952  100.0%          Builtin: AsyncFunctionAwaitResolveClosure
     15    1.6%        JS: ~gameLoop file:///Users/darksystem/Projects/FlowJS/src/engine.js:63:22
     15  100.0%          Builtin: AsyncFunctionAwaitResolveClosure
    953    5.2%    JS: ^texImage2D /Users/darksystem/Projects/FlowJS/node_modules/@kmamal/gl/src/javascript/webgl-rendering-context.js:3139:14
    947   99.4%      JS: ^setImage /Users/darksystem/Projects/FlowJS/node_modules/regl/dist/regl.js:3030:21
    947  100.0%        JS: ^setMipMap /Users/darksystem/Projects/FlowJS/node_modules/regl/dist/regl.js:3167:22
    947  100.0%          JS: ^reglTexture2D /Users/darksystem/Projects/FlowJS/node_modules/regl/dist/regl.js:3424:28
    947  100.0%            JS: ^render file:///Users/darksystem/Projects/FlowJS/src/GlRenderer.js:64:9
    815    4.5%    JS: ^createImageBitmap file:///Users/darksystem/Projects/FlowJS/src/utils.js:6:34
    567   69.6%      JS: *_drawObjects file:///Users/darksystem/Projects/FlowJS/src/engine.js:215:21
    567  100.0%        JS: ^gameLoop file:///Users/darksystem/Projects/FlowJS/src/engine.js:63:22
    567  100.0%          JS: ^processImmediate node:internal/timers:433:28
    243   29.8%      JS: ^_drawObjects file:///Users/darksystem/Projects/FlowJS/src/engine.js:215:21
    235   96.7%        JS: ^gameLoop file:///Users/darksystem/Projects/FlowJS/src/engine.js:63:22
    235  100.0%          JS: ^processImmediate node:internal/timers:433:28
      8    3.3%        JS: ~gameLoop file:///Users/darksystem/Projects/FlowJS/src/engine.js:63:22
      6   75.0%          JS: ^processImmediate node:internal/timers:433:28
      2   25.0%          JS: ~processImmediate node:internal/timers:433:28
    757    4.1%    JS: ^drawArrays /Users/darksystem/Projects/FlowJS/node_modules/@kmamal/gl/src/javascript/webgl-rendering-context.js:1819:14
    698   92.2%      JS: ^draw :69:16
    698  100.0%        JS: ^REGLCommand /Users/darksystem/Projects/FlowJS/node_modules/regl/dist/regl.js:10269:26
    698  100.0%          JS: ^render file:///Users/darksystem/Projects/FlowJS/src/GlRenderer.js:64:9
    698  100.0%            JS: ^render file:///Users/darksystem/Projects/FlowJS/src/renderer.js:24:9
     59    7.8%      JS: ~draw :69:16
     32   54.2%        JS: ~REGLCommand /Users/darksystem/Projects/FlowJS/node_modules/regl/dist/regl.js:10269:26
     32  100.0%          JS: ^render file:///Users/darksystem/Projects/FlowJS/src/GlRenderer.js:64:9
     32  100.0%            JS: ^render file:///Users/darksystem/Projects/FlowJS/src/renderer.js:24:9
     27   45.8%        JS: ^REGLCommand /Users/darksystem/Projects/FlowJS/node_modules/regl/dist/regl.js:10269:26
     27  100.0%          JS: ^render file:///Users/darksystem/Projects/FlowJS/src/GlRenderer.js:64:9
     27  100.0%            JS: ^render file:///Users/darksystem/Projects/FlowJS/src/renderer.js:24:9
    518    2.8%    JS: *listOnTimeout node:internal/timers:519:25
    314   60.6%      JS: *processTimers node:internal/timers:499:25
    204   39.4%      JS: ^processTimers node:internal/timers:499:25
    435    2.4%    JS: ^Canvas.getContext /Users/darksystem/Projects/FlowJS/node_modules/canvas/lib/canvas.js:23:40
    288   66.2%      JS: ^createImageBitmap file:///Users/darksystem/Projects/FlowJS/src/utils.js:6:34
    215   74.7%        JS: *_drawObjects file:///Users/darksystem/Projects/FlowJS/src/engine.js:215:21
    215  100.0%          JS: ^gameLoop file:///Users/darksystem/Projects/FlowJS/src/engine.js:63:22
    215  100.0%            JS: ^processImmediate node:internal/timers:433:28
     72   25.0%        JS: ^_drawObjects file:///Users/darksystem/Projects/FlowJS/src/engine.js:215:21
     67   93.1%          JS: ^gameLoop file:///Users/darksystem/Projects/FlowJS/src/engine.js:63:22
     67  100.0%            JS: ^processImmediate node:internal/timers:433:28
      5    6.9%          JS: ~gameLoop file:///Users/darksystem/Projects/FlowJS/src/engine.js:63:22
      5  100.0%            JS: ^processImmediate node:internal/timers:433:28
    141   32.4%      JS: ^_drawObjects file:///Users/darksystem/Projects/FlowJS/src/engine.js:215:21
    133   94.3%        JS: ^gameLoop file:///Users/darksystem/Projects/FlowJS/src/engine.js:63:22
    133  100.0%          JS: ^processImmediate node:internal/timers:433:28
      8    5.7%        JS: ~gameLoop file:///Users/darksystem/Projects/FlowJS/src/engine.js:63:22
      7   87.5%          JS: ^processImmediate node:internal/timers:433:28
      1   12.5%          JS: ~processImmediate node:internal/timers:433:28
      6    1.4%      JS: ~_drawObjects file:///Users/darksystem/Projects/FlowJS/src/engine.js:215:21
      6  100.0%        JS: ~gameLoop file:///Users/darksystem/Projects/FlowJS/src/engine.js:63:22
      6  100.0%          JS: ~processImmediate node:internal/timers:433:28
    431    2.4%    JS: ^compileForInternalLoader node:internal/bootstrap/realm:383:27
    418   97.0%      JS: ^requireBuiltin node:internal/bootstrap/realm:420:24
    143   34.2%        JS: ^get node:internal/util:613:17
    143  100.0%          Builtin: CEntry_Return1_ArgvOnStack_NoBuiltinExit
    118   82.5%            Script: ~<anonymous> file:///Users/darksystem/Projects/FlowJS/node_modules/node-fetch-native/dist/index.mjs:1:1
     25   17.5%            Script: ~<anonymous> file:///Users/darksystem/Projects/FlowJS/node_modules/node-fetch-native/dist/node.mjs:1:1
     21    5.0%        JS: ~<anonymous> node:crypto:1:1
     21  100.0%          JS: ^compileForInternalLoader node:internal/bootstrap/realm:383:27
     21  100.0%            JS: ~compileForPublicLoader node:internal/bootstrap/realm:331:25
     20    4.8%        JS: ~<anonymous> node:http2:1:1
     20  100.0%          JS: ^compileForInternalLoader node:internal/bootstrap/realm:383:27
     20  100.0%            JS: ^requireBuiltin node:internal/bootstrap/realm:420:24
     19    4.5%        JS: ~<anonymous> node:http:1:1
     19  100.0%          JS: ^compileForInternalLoader node:internal/bootstrap/realm:383:27
     19  100.0%            JS: ~compileForPublicLoader node:internal/bootstrap/realm:331:25
     14    3.3%        JS: ~<anonymous> node:tls:1:1
     14  100.0%          JS: ^compileForInternalLoader node:internal/bootstrap/realm:383:27
     14  100.0%            JS: ^requireBuiltin node:internal/bootstrap/realm:420:24
     11    2.6%        JS: ~<anonymous> node:internal/webstreams/readablestream:1:1
     11  100.0%          JS: ^compileForInternalLoader node:internal/bootstrap/realm:383:27
     11  100.0%            JS: ^requireBuiltin node:internal/bootstrap/realm:420:24
     11    2.6%        JS: ~<anonymous> node:internal/streams/duplex:1:1
     11  100.0%          JS: ^compileForInternalLoader node:internal/bootstrap/realm:383:27
     11  100.0%            JS: ^requireBuiltin node:internal/bootstrap/realm:420:24
     11    2.6%        JS: ~<anonymous> node:internal/fs/promises:1:1
     11  100.0%          JS: ^compileForInternalLoader node:internal/bootstrap/realm:383:27
     11  100.0%            JS: ^requireBuiltin node:internal/bootstrap/realm:420:24
     11    2.6%        JS: ~<anonymous> node:_http_client:1:1
     11  100.0%          JS: ^compileForInternalLoader node:internal/bootstrap/realm:383:27
     11  100.0%            JS: ^requireBuiltin node:internal/bootstrap/realm:420:24
     10    2.4%        JS: ~<anonymous> node:tty:1:1
     10  100.0%          JS: ^compileForInternalLoader node:internal/bootstrap/realm:383:27
     10  100.0%            JS: ^requireBuiltin node:internal/bootstrap/realm:420:24
      9    2.2%        JS: ~requireWithFallbackInDeps node:internal/bootstrap/realm:434:35
      6   66.7%          JS: ~lib/core/util.js node:internal/deps/undici/undici:638:21
      6  100.0%            JS: ~__require node:internal/deps/undici/undici:5:49
      2   22.2%          JS: ~lib/web/fetch/file.js node:internal/deps/undici/undici:3444:26
      2  100.0%            JS: ~__require node:internal/deps/undici/undici:5:49
      1   11.1%          JS: ~lib/web/fetch/util.js node:internal/deps/undici/undici:2111:26
      1  100.0%            JS: ~__require node:internal/deps/undici/undici:5:49
      9    2.2%        JS: ~lazyWebCrypto node:crypto:125:23
      9  100.0%          JS: ~get node:crypto:370:8
      9  100.0%            Builtin: ReflectGet
      8    1.9%        JS: ~<anonymous> node:perf_hooks:1:1
      8  100.0%          JS: ^compileForInternalLoader node:internal/bootstrap/realm:383:27
      8  100.0%            JS: ^requireBuiltin node:internal/bootstrap/realm:420:24
      8    1.9%        JS: ~<anonymous> node:internal/streams/operators:1:1
      8  100.0%          JS: ^compileForInternalLoader node:internal/bootstrap/realm:383:27
      8  100.0%            JS: ^requireBuiltin node:internal/bootstrap/realm:420:24
      6    1.4%        JS: ~defaultResolve node:internal/modules/esm/loader:373:17
      6  100.0%          JS: ~resolve node:internal/modules/esm/loader:343:10
      6  100.0%            JS: ~getModuleJob node:internal/modules/esm/loader:226:21
      6    1.4%        JS: ~<anonymous> node:net:1:1
      6  100.0%          JS: ^compileForInternalLoader node:internal/bootstrap/realm:383:27
      6  100.0%            JS: ^requireBuiltin node:internal/bootstrap/realm:420:24
      6    1.4%        JS: ~<anonymous> node:assert:1:1
      6  100.0%          JS: ^compileForInternalLoader node:internal/bootstrap/realm:383:27
      6  100.0%            JS: ^requireBuiltin node:internal/bootstrap/realm:420:24
      5    1.2%        JS: ~getSource node:internal/modules/esm/load:40:25
      5  100.0%          JS: ~defaultLoad node:internal/modules/esm/load:110:27
      5  100.0%            JS: ~load node:internal/modules/esm/loader:392:13
      5    1.2%        JS: ~get node:internal/util:613:17
      5  100.0%          Builtin: ReflectGet
      5  100.0%            JS: ^getOwn node:internal/bootstrap/realm:204:16
      5    1.2%        JS: ~<anonymous> node:internal/worker:1:1
      5  100.0%          JS: ^compileForInternalLoader node:internal/bootstrap/realm:383:27
      5  100.0%            JS: ^requireBuiltin node:internal/bootstrap/realm:420:24
      5    1.2%        JS: ~<anonymous> node:internal/http2/core:1:1
      5  100.0%          JS: ^compileForInternalLoader node:internal/bootstrap/realm:383:27
      5  100.0%            JS: ^requireBuiltin node:internal/bootstrap/realm:420:24
      5    1.2%        JS: ~<anonymous> node:internal/http2/compat:1:1
      5  100.0%          JS: ^compileForInternalLoader node:internal/bootstrap/realm:383:27
      5  100.0%            JS: ^requireBuiltin node:internal/bootstrap/realm:420:24
     13    3.0%      JS: ~compileForPublicLoader node:internal/bootstrap/realm:331:25
      7   53.8%        JS: ~loadBuiltinModule node:internal/modules/helpers:96:27
      7  100.0%          JS: ~builtinStrategy node:internal/modules/esm/translators:440:52
      7  100.0%            JS: ^callTranslator node:internal/modules/esm/loader:265:28
      6   46.2%        JS: ^loadBuiltinModule node:internal/modules/helpers:96:27
      6  100.0%          JS: ^builtinStrategy node:internal/modules/esm/translators:440:52
      6  100.0%            JS: ^callTranslator node:internal/modules/esm/loader:265:28
    404    2.2%    JS: ~<anonymous> /Users/darksystem/Projects/FlowJS/node_modules/@kmamal/sdl/src/javascript/index.js:1:1
    404  100.0%      JS: ^Module._compile node:internal/modules/cjs/loader:1311:37
    404  100.0%        JS: ^Module._extensions..js node:internal/modules/cjs/loader:1370:37
    404  100.0%          JS: ^Module.load node:internal/modules/cjs/loader:1195:33
    404  100.0%            JS: ^Module._load node:internal/modules/cjs/loader:951:24
    389    2.1%    JS: ^createCanvas /Users/darksystem/Projects/FlowJS/node_modules/canvas/index.js:14:23
    322   82.8%      JS: ^createImageBitmap file:///Users/darksystem/Projects/FlowJS/src/utils.js:6:34
    221   68.6%        JS: *_drawObjects file:///Users/darksystem/Projects/FlowJS/src/engine.js:215:21
    221  100.0%          JS: ^gameLoop file:///Users/darksystem/Projects/FlowJS/src/engine.js:63:22
    221  100.0%            JS: ^processImmediate node:internal/timers:433:28
     99   30.7%        JS: ^_drawObjects file:///Users/darksystem/Projects/FlowJS/src/engine.js:215:21
     94   94.9%          JS: ^gameLoop file:///Users/darksystem/Projects/FlowJS/src/engine.js:63:22
     94  100.0%            JS: ^processImmediate node:internal/timers:433:28
      5    5.1%          JS: ~gameLoop file:///Users/darksystem/Projects/FlowJS/src/engine.js:63:22
      4   80.0%            JS: ^processImmediate node:internal/timers:433:28
      1   20.0%            JS: ~processImmediate node:internal/timers:433:28
     64   16.5%      JS: ^_drawObjects file:///Users/darksystem/Projects/FlowJS/src/engine.js:215:21
     61   95.3%        JS: ^gameLoop file:///Users/darksystem/Projects/FlowJS/src/engine.js:63:22
     61  100.0%          JS: ^processImmediate node:internal/timers:433:28
      3    4.7%        JS: ~gameLoop file:///Users/darksystem/Projects/FlowJS/src/engine.js:63:22
      2   66.7%          JS: ^processImmediate node:internal/timers:433:28
      1   33.3%          JS: ~processImmediate node:internal/timers:433:28
    296    1.6%    JS: ~Module._extensions..node node:internal/modules/cjs/loader:1446:39
    229   77.4%      JS: ~Module.load node:internal/modules/cjs/loader:1195:33
    229  100.0%        JS: ~Module._load node:internal/modules/cjs/loader:951:24
    229  100.0%          JS: ~Module.require node:internal/modules/cjs/loader:1225:36
    229  100.0%            JS: ~require node:internal/modules/helpers:177:31
     67   22.6%      JS: ^Module.load node:internal/modules/cjs/loader:1195:33
     67  100.0%        JS: ^Module._load node:internal/modules/cjs/loader:951:24
     67  100.0%          JS: ^Module.require node:internal/modules/cjs/loader:1225:36
     67  100.0%            JS: ^require node:internal/modules/helpers:177:31
    260    1.4%    JS: ~poll /Users/darksystem/Projects/FlowJS/node_modules/@kmamal/sdl/src/javascript/events/index.js:393:14
    180   69.2%      JS: ~<anonymous> /Users/darksystem/Projects/FlowJS/node_modules/@kmamal/sdl/src/javascript/events/index.js:1:1
    180  100.0%        JS: ^Module._compile node:internal/modules/cjs/loader:1311:37
    180  100.0%          JS: ^Module._extensions..js node:internal/modules/cjs/loader:1370:37
    180  100.0%            JS: ^Module.load node:internal/modules/cjs/loader:1195:33
     80   30.8%      JS: ~listOnTimeout node:internal/timers:519:25
     61   76.3%        JS: ~processTimers node:internal/timers:499:25
     19   23.8%        JS: ^processTimers node:internal/timers:499:25
    256    1.4%    JS: ^_drawObjects file:///Users/darksystem/Projects/FlowJS/src/engine.js:215:21
    244   95.3%      JS: ^gameLoop file:///Users/darksystem/Projects/FlowJS/src/engine.js:63:22
    244  100.0%        JS: ^processImmediate node:internal/timers:433:28
     12    4.7%      JS: ~gameLoop file:///Users/darksystem/Projects/FlowJS/src/engine.js:63:22
     11   91.7%        JS: ^processImmediate node:internal/timers:433:28
      1    8.3%        JS: ~processImmediate node:internal/timers:433:28
    217    1.2%    JS: ^poll /Users/darksystem/Projects/FlowJS/node_modules/@kmamal/sdl/src/javascript/events/index.js:393:14
    126   58.1%      JS: ^getState /Users/darksystem/Projects/FlowJS/node_modules/@kmamal/sdl/src/javascript/keyboard/index.js:26:11
     97   77.0%        JS: ^getPressedKeys file:///Users/darksystem/Projects/FlowJS/src/renderer.js:55:17
     71   73.2%          JS: ^_handleEvents file:///Users/darksystem/Projects/FlowJS/src/engine.js:337:16
     71  100.0%            JS: ^gameLoop file:///Users/darksystem/Projects/FlowJS/src/engine.js:63:22
     16   16.5%          JS: ^<anonymous> file:///Users/darksystem/Projects/FlowJS/src/engine.js:350:44
     16  100.0%            Builtin: ArrayForEach
      9    9.3%          JS: ^<anonymous> file:///Users/darksystem/Projects/FlowJS/src/engine.js:355:40
      9  100.0%            Builtin: ArrayForEach
      1    1.0%          JS: ~<anonymous> file:///Users/darksystem/Projects/FlowJS/src/engine.js:350:44
      1  100.0%            Builtin: ArrayForEach
     28   22.2%        JS: ^keyPressed file:///Users/darksystem/Projects/FlowJS/src/renderer.js:60:13
     28  100.0%          JS: ^<anonymous> file:///Users/darksystem/Projects/FlowJS/src/engine.js:350:44
     28  100.0%            Builtin: ArrayForEach
     81   37.3%      JS: ^listOnTimeout node:internal/timers:519:25
     81  100.0%        JS: ^processTimers node:internal/timers:499:25
      9    4.1%      JS: ~getState /Users/darksystem/Projects/FlowJS/node_modules/@kmamal/sdl/src/javascript/keyboard/index.js:26:11
      9  100.0%        JS: ~getPressedKeys file:///Users/darksystem/Projects/FlowJS/src/renderer.js:55:17
      9  100.0%          JS: ~_handleEvents file:///Users/darksystem/Projects/FlowJS/src/engine.js:337:16
      9  100.0%            JS: ~gameLoop file:///Users/darksystem/Projects/FlowJS/src/engine.js:63:22
    199    1.1%    JS: ~wrapSafe node:internal/modules/cjs/loader:1255:18
    176   88.4%      JS: ^Module._compile node:internal/modules/cjs/loader:1311:37
    165   93.8%        JS: ~Module._extensions..js node:internal/modules/cjs/loader:1370:37
    165  100.0%          JS: ^Module.load node:internal/modules/cjs/loader:1195:33
    165  100.0%            JS: ^Module._load node:internal/modules/cjs/loader:951:24
     11    6.3%        JS: ^Module._extensions..js node:internal/modules/cjs/loader:1370:37
     11  100.0%          JS: ^Module.load node:internal/modules/cjs/loader:1195:33
     11  100.0%            JS: ^Module._load node:internal/modules/cjs/loader:951:24
     23   11.6%      JS: ~Module._compile node:internal/modules/cjs/loader:1311:37
     23  100.0%        JS: ~Module._extensions..js node:internal/modules/cjs/loader:1370:37
     16   69.6%          JS: ~Module.load node:internal/modules/cjs/loader:1195:33
     16  100.0%            JS: ~Module._load node:internal/modules/cjs/loader:951:24
      7   30.4%          JS: ^Module.load node:internal/modules/cjs/loader:1195:33
      5   71.4%            JS: ^Module._load node:internal/modules/cjs/loader:951:24
      2   28.6%            JS: ~Module._load node:internal/modules/cjs/loader:951:24

    298    1.5%  Builtin: FlattenIntoArray
    298  100.0%    Builtin: ArrayPrototypeFlat
    298  100.0%      JS: ~processArr file:///Users/darksystem/Projects/FlowJS/src/utils.js:19:27
    298  100.0%        JS: ~_getData file:///Users/darksystem/Projects/FlowJS/src/texture.js:24:11
    274   91.9%          JS: ~draw file:///Users/darksystem/Projects/FlowJS/src/gfx.js:21:7
    264   96.4%            JS: ~fillScreen file:///Users/darksystem/Projects/FlowJS/src/gfx.js:94:13
     10    3.6%            JS: ~render file:///Users/darksystem/Projects/FlowJS/src/sprite.js:91:9
     24    8.1%          JS: ~setLayerBackground file:///Users/darksystem/Projects/FlowJS/src/gfx.js:122:21
     24  100.0%            JS: ~onCreate file:///Users/darksystem/Projects/FlowJS/test.js:25:17

